Gen0:
  1 2 3 4 5 6 7 8 9 0 1 2 3 
1     * *           * *     
2       * *       * *       
3 *     *   *   *   *     * 
4 * * *   * *   * *   * * * 
5   *   *   *   *   *   *   
6     * * *       * * *     
7                           
8     * * *       * * *     
9   *   *   *   *   *   *   
0 * * *   * *   * *   * * * 
1 *     *   *   *   *     * 
2       * *       * *       
3     * *           * *     

Gen1:
  1 2 3 4 5 6 7 8 9 0 1 2 3 
1     * *           * *     
2       * *       * *       
3 *     *   *   *   *     * 
4 * * *   * *   * *   * * * 
5   *   *   *   *   *   *   
6     * * *       * * *     
7                           
8     * * *       * * *     
9   *   *   *   *   *   *   
0 * * *   * *   * *   * * * 
1 *     *   *   *   *     * 
2       * *       * *       
3     * *           * *     

Gen2:
  1 2 3 4 5 6 7 8 9 0 1 2 3 
1     * *           * *     
2       * *       * *       
3 *     *   *   *   *     * 
4 * * *   * *   * *   * * * 
5   *   *   *   *   *   *   
6     * * *       * * *     
7                           
8     * * *       * * *     
9   *   *   *   *   *   *   
0 * * *   * *   * *   * * * 
1 *     *   *   *   *     * 
2       * *       * *       
3     * *           * *     

Gen3:
  1 2 3 4 5 6 7 8 9 0 1 2 3 
1     * *           * *     
2       * *       * *       
3 *     *   *   *   *     * 
4 * * *   * *   * *   * * * 
5   *   *   *   *   *   *   
6     * * *       * * *     
7                           
8     * * *       * * *     
9   *   *   *   *   *   *   
0 * * *   * *   * *   * * * 
1 *     *   *   *   *     * 
2       * *       * *       
3     * *           * *     

Gen4:
  1 2 3 4 5 6 7 8 9 0 1 2 3 
1     * *           * *     
2       * *       * *       
3 *     *   *   *   *     * 
4 * * *   * *   * *   * * * 
5   *   *   *   *   *   *   
6     * * *       * * *     
7                           
8     * * *       * * *     
9   *   *   *   *   *   *   
0 * * *   * *   * *   * * * 
1 *     *   *   *   *     * 
2       * *       * *       
3     * *           * *     

Gen5:
  1 2 3 4 5 6 7 8 9 0 1 2 3 
1     * *           * *     
2       * *       * *       
3 *     *   *   *   *     * 
4 * * *   * *   * *   * * * 
5   *   *   *   *   *   *   
6     * * *       * * *     
7                           
8     * * *       * * *     
9   *   *   *   *   *   *   
0 * * *   * *   * *   * * * 
1 *     *   *   *   *     * 
2       * *       * *       
3     * *           * *     

Gen6:
  1 2 3 4 5 6 7 8 9 0 1 2 3 
1     * *           * *     
2       * *       * *       
3 *     *   *   *   *     * 
4 * * *   * *   * *   * * * 
5   *   *   *   *   *   *   
6     * * *       * * *     
7                           
8     * * *       * * *     
9   *   *   *   *   *   *   
0 * * *   * *   * *   * * * 
1 *     *   *   *   *     * 
2       * *       * *       
3     * *           * *     

Gen7:
  1 2 3 4 5 6 7 8 9 0 1 2 3 
1     * *           * *     
2       * *       * *       
3 *     *   *   *   *     * 
4 * * *   * *   * *   * * * 
5   *   *   *   *   *   *   
6     * * *       * * *     
7                           
8     * * *       * * *     
9   *   *   *   *   *   *   
0 * * *   * *   * *   * * * 
1 *     *   *   *   *     * 
2       * *       * *       
3     * *           * *     

Gen8:
  1 2 3 4 5 6 7 8 9 0 1 2 3 
1     * *           * *     
2       * *       * *       
3 *     *   *   *   *     * 
4 * * *   * *   * *   * * * 
5   *   *   *   *   *   *   
6     * * *       * * *     
7                           
8     * * *       * * *     
9   *   *   *   *   *   *   
0 * * *   * *   * *   * * * 
1 *     *   *   *   *     * 
2       * *       * *       
3     * *           * *     

Gen9:
  1 2 3 4 5 6 7 8 9 0 1 2 3 
1     * *           * *     
2       * *       * *       
3 *     *   *   *   *     * 
4 * * *   * *   * *   * * * 
5   *   *   *   *   *   *   
6     * * *       * * *     
7                           
8     * * *       * * *     
9   *   *   *   *   *   *   
0 * * *   * *   * *   * * * 
1 *     *   *   *   *     * 
2       * *       * *       
3     * *           * *     

Gen10:
  1 2 3 4 5 6 7 8 9 0 1 2 3 
1     * *           * *     
2       * *       * *       
3 *     *   *   *   *     * 
4 * * *   * *   * *   * * * 
5   *   *   *   *   *   *   
6     * * *       * * *     
7                           
8     * * *       * * *     
9   *   *   *   *   *   *   
0 * * *   * *   * *   * * * 
1 *     *   *   *   *     * 
2       * *       * *       
3     * *           * *     

Gen11:
  1 2 3 4 5 6 7 8 9 0 1 2 3 
1     * *           * *     
2       * *       * *       
3 *     *   *   *   *     * 
4 * * *   * *   * *   * * * 
5   *   *   *   *   *   *   
6     * * *       * * *     
7                           
8     * * *       * * *     
9   *   *   *   *   *   *   
0 * * *   * *   * *   * * * 
1 *     *   *   *   *     * 
2       * *       * *       
3     * *           * *     

